2020-07-21 09:21:32.449  INFO 9544 --- [main] com.bwsk.SmartconstructionApplication    : Starting SmartconstructionApplication on SW131 with PID 9544 (D:\kaifa\IDEA_workspace\smartconstruction\target\classes started by Administrator in D:\kaifa\IDEA_workspace\smartconstruction)
2020-07-21 09:21:32.456 DEBUG 9544 --- [main] com.bwsk.SmartconstructionApplication    : Running with Spring Boot v2.3.0.RELEASE, Spring v5.2.6.RELEASE
2020-07-21 09:21:32.456  INFO 9544 --- [main] com.bwsk.SmartconstructionApplication    : No active profile set, falling back to default profiles: default
2020-07-21 09:21:36.747  INFO 9544 --- [main] .s.d.r.c.RepositoryConfigurationDelegate : Multiple Spring Data modules found, entering strict repository configuration mode!
2020-07-21 09:21:36.781  INFO 9544 --- [main] .s.d.r.c.RepositoryConfigurationDelegate : Bootstrapping Spring Data Redis repositories in DEFAULT mode.
2020-07-21 09:21:36.878  INFO 9544 --- [main] .s.d.r.c.RepositoryConfigurationDelegate : Finished Spring Data repository scanning in 44ms. Found 0 Redis repository interfaces.
2020-07-21 09:21:38.558  INFO 9544 --- [main] o.s.b.w.embedded.tomcat.TomcatWebServer  : Tomcat initialized with port(s): 7000 (http)
2020-07-21 09:21:38.578  INFO 9544 --- [main] o.apache.catalina.core.StandardService   : Starting service [Tomcat]
2020-07-21 09:21:38.578  INFO 9544 --- [main] org.apache.catalina.core.StandardEngine  : Starting Servlet engine: [Apache Tomcat/9.0.35]
2020-07-21 09:21:38.901  INFO 9544 --- [main] o.a.c.c.C.[Tomcat].[localhost].[/]       : Initializing Spring embedded WebApplicationContext
2020-07-21 09:21:38.902  INFO 9544 --- [main] o.s.web.context.ContextLoader            : Root WebApplicationContext: initialization completed in 6014 ms
2020-07-21 09:21:41.984  INFO 9544 --- [main] o.s.s.concurrent.ThreadPoolTaskExecutor  : Initializing ExecutorService 'applicationTaskExecutor'
2020-07-21 09:21:43.351  INFO 9544 --- [main] o.s.s.c.ThreadPoolTaskScheduler          : Initializing ExecutorService 'taskScheduler'
2020-07-21 09:21:43.479  INFO 9544 --- [main] o.s.b.w.embedded.tomcat.TomcatWebServer  : Tomcat started on port(s): 7000 (http) with context path ''
2020-07-21 09:21:43.504  INFO 9544 --- [main] com.bwsk.SmartconstructionApplication    : Started SmartconstructionApplication in 13.424 seconds (JVM running for 15.999)
2020-07-21 09:21:44.070  INFO 9544 --- [http-nio-7000-exec-1] o.a.c.c.C.[Tomcat].[localhost].[/]       : Initializing Spring DispatcherServlet 'dispatcherServlet'
2020-07-21 09:21:44.071  INFO 9544 --- [http-nio-7000-exec-1] o.s.web.servlet.DispatcherServlet        : Initializing Servlet 'dispatcherServlet'
2020-07-21 09:21:44.218  INFO 9544 --- [http-nio-7000-exec-1] o.s.web.servlet.DispatcherServlet        : Completed initialization in 147 ms
2020-07-21 09:21:44.684  INFO 9544 --- [http-nio-7000-exec-1] com.zaxxer.hikari.HikariDataSource       : HikariPool-1 - Starting...
2020-07-21 09:21:46.139  INFO 9544 --- [http-nio-7000-exec-1] com.zaxxer.hikari.HikariDataSource       : HikariPool-1 - Start completed.
2020-07-21 09:23:59.789  WARN 9548 --- [main] ory$DuplicateJsonObjectContextCustomizer : 

Found multiple occurrences of org.json.JSONObject on the class path:

	jar:file:/D:/kaifa/jdk1.8/maven/Maven-Repository/org/json/json/20170516/json-20170516.jar!/org/json/JSONObject.class
	jar:file:/D:/kaifa/jdk1.8/maven/Maven-Repository/com/vaadin/external/google/android-json/0.0.20131108.vaadin1/android-json-0.0.20131108.vaadin1.jar!/org/json/JSONObject.class

You may wish to exclude one of them to ensure predictable runtime behavior

2020-07-21 09:23:59.806  INFO 9548 --- [main] c.b.SmartconstructionApplicationTests    : Starting SmartconstructionApplicationTests on SW131 with PID 9548 (started by Administrator in D:\kaifa\IDEA_workspace\smartconstruction)
2020-07-21 09:23:59.806 DEBUG 9548 --- [main] c.b.SmartconstructionApplicationTests    : Running with Spring Boot v2.3.0.RELEASE, Spring v5.2.6.RELEASE
2020-07-21 09:23:59.806  INFO 9548 --- [main] c.b.SmartconstructionApplicationTests    : No active profile set, falling back to default profiles: default
2020-07-21 09:24:00.487  INFO 9548 --- [main] .s.d.r.c.RepositoryConfigurationDelegate : Multiple Spring Data modules found, entering strict repository configuration mode!
2020-07-21 09:24:00.490  INFO 9548 --- [main] .s.d.r.c.RepositoryConfigurationDelegate : Bootstrapping Spring Data Redis repositories in DEFAULT mode.
2020-07-21 09:24:00.541  INFO 9548 --- [main] .s.d.r.c.RepositoryConfigurationDelegate : Finished Spring Data repository scanning in 32ms. Found 0 Redis repository interfaces.
2020-07-21 09:24:03.055  INFO 9548 --- [main] o.s.s.concurrent.ThreadPoolTaskExecutor  : Initializing ExecutorService 'applicationTaskExecutor'
2020-07-21 09:24:03.567  INFO 9548 --- [main] o.s.s.c.ThreadPoolTaskScheduler          : Initializing ExecutorService 'taskScheduler'
2020-07-21 09:24:03.633  INFO 9548 --- [main] c.b.SmartconstructionApplicationTests    : Started SmartconstructionApplicationTests in 4.287 seconds (JVM running for 5.495)
2020-07-21 09:24:04.807  INFO 9548 --- [SpringContextShutdownHook] o.s.s.c.ThreadPoolTaskScheduler          : Shutting down ExecutorService 'taskScheduler'
2020-07-21 09:24:04.808  INFO 9548 --- [SpringContextShutdownHook] o.s.s.concurrent.ThreadPoolTaskExecutor  : Shutting down ExecutorService 'applicationTaskExecutor'
2020-07-21 09:25:04.558  INFO 9704 --- [main] com.bwsk.SmartconstructionApplication    : Starting SmartconstructionApplication on SW131 with PID 9704 (D:\kaifa\IDEA_workspace\smartconstruction\target\classes started by Administrator in D:\kaifa\IDEA_workspace\smartconstruction)
2020-07-21 09:25:04.561 DEBUG 9704 --- [main] com.bwsk.SmartconstructionApplication    : Running with Spring Boot v2.3.0.RELEASE, Spring v5.2.6.RELEASE
2020-07-21 09:25:04.561  INFO 9704 --- [main] com.bwsk.SmartconstructionApplication    : No active profile set, falling back to default profiles: default
2020-07-21 09:25:05.215  INFO 9704 --- [main] .s.d.r.c.RepositoryConfigurationDelegate : Multiple Spring Data modules found, entering strict repository configuration mode!
2020-07-21 09:25:05.216  INFO 9704 --- [main] .s.d.r.c.RepositoryConfigurationDelegate : Bootstrapping Spring Data Redis repositories in DEFAULT mode.
2020-07-21 09:25:05.250  INFO 9704 --- [main] .s.d.r.c.RepositoryConfigurationDelegate : Finished Spring Data repository scanning in 23ms. Found 0 Redis repository interfaces.
2020-07-21 09:25:05.632  INFO 9704 --- [main] o.s.b.w.embedded.tomcat.TomcatWebServer  : Tomcat initialized with port(s): 7000 (http)
2020-07-21 09:25:05.639  INFO 9704 --- [main] o.apache.catalina.core.StandardService   : Starting service [Tomcat]
2020-07-21 09:25:05.639  INFO 9704 --- [main] org.apache.catalina.core.StandardEngine  : Starting Servlet engine: [Apache Tomcat/9.0.35]
2020-07-21 09:25:05.726  INFO 9704 --- [main] o.a.c.c.C.[Tomcat].[localhost].[/]       : Initializing Spring embedded WebApplicationContext
2020-07-21 09:25:05.726  INFO 9704 --- [main] o.s.web.context.ContextLoader            : Root WebApplicationContext: initialization completed in 1115 ms
2020-07-21 09:25:06.605  INFO 9704 --- [main] o.s.s.concurrent.ThreadPoolTaskExecutor  : Initializing ExecutorService 'applicationTaskExecutor'
2020-07-21 09:25:06.776  INFO 9704 --- [main] o.s.s.c.ThreadPoolTaskScheduler          : Initializing ExecutorService 'taskScheduler'
2020-07-21 09:25:06.808  INFO 9704 --- [main] o.s.b.w.embedded.tomcat.TomcatWebServer  : Tomcat started on port(s): 7000 (http) with context path ''
2020-07-21 09:25:06.819  INFO 9704 --- [main] com.bwsk.SmartconstructionApplication    : Started SmartconstructionApplication in 2.604 seconds (JVM running for 3.119)
2020-07-21 09:25:08.016  INFO 9704 --- [http-nio-7000-exec-1] o.a.c.c.C.[Tomcat].[localhost].[/]       : Initializing Spring DispatcherServlet 'dispatcherServlet'
2020-07-21 09:25:08.017  INFO 9704 --- [http-nio-7000-exec-1] o.s.web.servlet.DispatcherServlet        : Initializing Servlet 'dispatcherServlet'
2020-07-21 09:25:08.022  INFO 9704 --- [http-nio-7000-exec-1] o.s.web.servlet.DispatcherServlet        : Completed initialization in 5 ms
2020-07-21 09:25:08.075  INFO 9704 --- [http-nio-7000-exec-1] com.zaxxer.hikari.HikariDataSource       : HikariPool-1 - Starting...
2020-07-21 09:25:08.159  INFO 9704 --- [http-nio-7000-exec-1] com.zaxxer.hikari.HikariDataSource       : HikariPool-1 - Start completed.
2020-07-21 09:28:35.941  WARN 9704 --- [http-nio-7000-exec-5] .w.s.m.s.DefaultHandlerExceptionResolver : Resolved [org.springframework.validation.BindException: org.springframework.validation.BeanPropertyBindingResult: 1 errors
Field error in object 'ruleUser' on field 'cid': rejected value [null]; codes [typeMismatch.ruleUser.cid,typeMismatch.cid,typeMismatch.int,typeMismatch]; arguments [org.springframework.context.support.DefaultMessageSourceResolvable: codes [ruleUser.cid,cid]; arguments []; default message [cid]]; default message [Failed to convert property value of type 'java.lang.String' to required type 'int' for property 'cid'; nested exception is java.lang.NumberFormatException: For input string: "null"]]
2020-07-21 09:28:44.893  WARN 9704 --- [http-nio-7000-exec-2] .w.s.m.s.DefaultHandlerExceptionResolver : Resolved [org.springframework.validation.BindException: org.springframework.validation.BeanPropertyBindingResult: 1 errors
Field error in object 'ruleUser' on field 'cid': rejected value [null]; codes [typeMismatch.ruleUser.cid,typeMismatch.cid,typeMismatch.int,typeMismatch]; arguments [org.springframework.context.support.DefaultMessageSourceResolvable: codes [ruleUser.cid,cid]; arguments []; default message [cid]]; default message [Failed to convert property value of type 'java.lang.String' to required type 'int' for property 'cid'; nested exception is java.lang.NumberFormatException: For input string: "null"]]
2020-07-21 09:28:57.517  WARN 9704 --- [http-nio-7000-exec-6] .w.s.m.s.DefaultHandlerExceptionResolver : Resolved [org.springframework.validation.BindException: org.springframework.validation.BeanPropertyBindingResult: 1 errors
Field error in object 'ruleUser' on field 'cid': rejected value [null]; codes [typeMismatch.ruleUser.cid,typeMismatch.cid,typeMismatch.int,typeMismatch]; arguments [org.springframework.context.support.DefaultMessageSourceResolvable: codes [ruleUser.cid,cid]; arguments []; default message [cid]]; default message [Failed to convert property value of type 'java.lang.String' to required type 'int' for property 'cid'; nested exception is java.lang.NumberFormatException: For input string: "null"]]
2020-07-21 09:29:04.963  WARN 9704 --- [http-nio-7000-exec-10] .w.s.m.s.DefaultHandlerExceptionResolver : Resolved [org.springframework.validation.BindException: org.springframework.validation.BeanPropertyBindingResult: 1 errors
Field error in object 'ruleUser' on field 'cid': rejected value [null]; codes [typeMismatch.ruleUser.cid,typeMismatch.cid,typeMismatch.int,typeMismatch]; arguments [org.springframework.context.support.DefaultMessageSourceResolvable: codes [ruleUser.cid,cid]; arguments []; default message [cid]]; default message [Failed to convert property value of type 'java.lang.String' to required type 'int' for property 'cid'; nested exception is java.lang.NumberFormatException: For input string: "null"]]
2020-07-21 09:29:12.883  WARN 9704 --- [http-nio-7000-exec-2] .w.s.m.s.DefaultHandlerExceptionResolver : Resolved [org.springframework.validation.BindException: org.springframework.validation.BeanPropertyBindingResult: 1 errors
Field error in object 'ruleUser' on field 'cid': rejected value [null]; codes [typeMismatch.ruleUser.cid,typeMismatch.cid,typeMismatch.int,typeMismatch]; arguments [org.springframework.context.support.DefaultMessageSourceResolvable: codes [ruleUser.cid,cid]; arguments []; default message [cid]]; default message [Failed to convert property value of type 'java.lang.String' to required type 'int' for property 'cid'; nested exception is java.lang.NumberFormatException: For input string: "null"]]
2020-07-21 09:29:20.825  WARN 9704 --- [http-nio-7000-exec-5] .w.s.m.s.DefaultHandlerExceptionResolver : Resolved [org.springframework.validation.BindException: org.springframework.validation.BeanPropertyBindingResult: 1 errors
Field error in object 'ruleUser' on field 'cid': rejected value [null]; codes [typeMismatch.ruleUser.cid,typeMismatch.cid,typeMismatch.int,typeMismatch]; arguments [org.springframework.context.support.DefaultMessageSourceResolvable: codes [ruleUser.cid,cid]; arguments []; default message [cid]]; default message [Failed to convert property value of type 'java.lang.String' to required type 'int' for property 'cid'; nested exception is java.lang.NumberFormatException: For input string: "null"]]
2020-07-21 09:29:29.058  WARN 9704 --- [http-nio-7000-exec-6] .w.s.m.s.DefaultHandlerExceptionResolver : Resolved [org.springframework.validation.BindException: org.springframework.validation.BeanPropertyBindingResult: 1 errors
Field error in object 'ruleUser' on field 'cid': rejected value [null]; codes [typeMismatch.ruleUser.cid,typeMismatch.cid,typeMismatch.int,typeMismatch]; arguments [org.springframework.context.support.DefaultMessageSourceResolvable: codes [ruleUser.cid,cid]; arguments []; default message [cid]]; default message [Failed to convert property value of type 'java.lang.String' to required type 'int' for property 'cid'; nested exception is java.lang.NumberFormatException: For input string: "null"]]
2020-07-21 09:29:36.992  WARN 9704 --- [http-nio-7000-exec-8] .w.s.m.s.DefaultHandlerExceptionResolver : Resolved [org.springframework.validation.BindException: org.springframework.validation.BeanPropertyBindingResult: 1 errors
Field error in object 'ruleUser' on field 'cid': rejected value [null]; codes [typeMismatch.ruleUser.cid,typeMismatch.cid,typeMismatch.int,typeMismatch]; arguments [org.springframework.context.support.DefaultMessageSourceResolvable: codes [ruleUser.cid,cid]; arguments []; default message [cid]]; default message [Failed to convert property value of type 'java.lang.String' to required type 'int' for property 'cid'; nested exception is java.lang.NumberFormatException: For input string: "null"]]
2020-07-21 09:29:45.025  WARN 9704 --- [http-nio-7000-exec-10] .w.s.m.s.DefaultHandlerExceptionResolver : Resolved [org.springframework.validation.BindException: org.springframework.validation.BeanPropertyBindingResult: 1 errors
Field error in object 'ruleUser' on field 'cid': rejected value [null]; codes [typeMismatch.ruleUser.cid,typeMismatch.cid,typeMismatch.int,typeMismatch]; arguments [org.springframework.context.support.DefaultMessageSourceResolvable: codes [ruleUser.cid,cid]; arguments []; default message [cid]]; default message [Failed to convert property value of type 'java.lang.String' to required type 'int' for property 'cid'; nested exception is java.lang.NumberFormatException: For input string: "null"]]
2020-07-21 09:29:53.838  WARN 9704 --- [http-nio-7000-exec-2] .w.s.m.s.DefaultHandlerExceptionResolver : Resolved [org.springframework.validation.BindException: org.springframework.validation.BeanPropertyBindingResult: 1 errors
Field error in object 'ruleUser' on field 'cid': rejected value [null]; codes [typeMismatch.ruleUser.cid,typeMismatch.cid,typeMismatch.int,typeMismatch]; arguments [org.springframework.context.support.DefaultMessageSourceResolvable: codes [ruleUser.cid,cid]; arguments []; default message [cid]]; default message [Failed to convert property value of type 'java.lang.String' to required type 'int' for property 'cid'; nested exception is java.lang.NumberFormatException: For input string: "null"]]
2020-07-21 09:30:02.816  WARN 9704 --- [http-nio-7000-exec-5] .w.s.m.s.DefaultHandlerExceptionResolver : Resolved [org.springframework.validation.BindException: org.springframework.validation.BeanPropertyBindingResult: 1 errors
Field error in object 'ruleUser' on field 'cid': rejected value [null]; codes [typeMismatch.ruleUser.cid,typeMismatch.cid,typeMismatch.int,typeMismatch]; arguments [org.springframework.context.support.DefaultMessageSourceResolvable: codes [ruleUser.cid,cid]; arguments []; default message [cid]]; default message [Failed to convert property value of type 'java.lang.String' to required type 'int' for property 'cid'; nested exception is java.lang.NumberFormatException: For input string: "null"]]
2020-07-21 09:30:11.893  WARN 9704 --- [http-nio-7000-exec-6] .w.s.m.s.DefaultHandlerExceptionResolver : Resolved [org.springframework.validation.BindException: org.springframework.validation.BeanPropertyBindingResult: 1 errors
Field error in object 'ruleUser' on field 'cid': rejected value [null]; codes [typeMismatch.ruleUser.cid,typeMismatch.cid,typeMismatch.int,typeMismatch]; arguments [org.springframework.context.support.DefaultMessageSourceResolvable: codes [ruleUser.cid,cid]; arguments []; default message [cid]]; default message [Failed to convert property value of type 'java.lang.String' to required type 'int' for property 'cid'; nested exception is java.lang.NumberFormatException: For input string: "null"]]
2020-07-21 09:30:21.035  WARN 9704 --- [http-nio-7000-exec-9] .w.s.m.s.DefaultHandlerExceptionResolver : Resolved [org.springframework.validation.BindException: org.springframework.validation.BeanPropertyBindingResult: 1 errors
Field error in object 'ruleUser' on field 'cid': rejected value [null]; codes [typeMismatch.ruleUser.cid,typeMismatch.cid,typeMismatch.int,typeMismatch]; arguments [org.springframework.context.support.DefaultMessageSourceResolvable: codes [ruleUser.cid,cid]; arguments []; default message [cid]]; default message [Failed to convert property value of type 'java.lang.String' to required type 'int' for property 'cid'; nested exception is java.lang.NumberFormatException: For input string: "null"]]
2020-07-21 09:30:29.804  WARN 9704 --- [http-nio-7000-exec-1] .w.s.m.s.DefaultHandlerExceptionResolver : Resolved [org.springframework.validation.BindException: org.springframework.validation.BeanPropertyBindingResult: 1 errors
Field error in object 'ruleUser' on field 'cid': rejected value [null]; codes [typeMismatch.ruleUser.cid,typeMismatch.cid,typeMismatch.int,typeMismatch]; arguments [org.springframework.context.support.DefaultMessageSourceResolvable: codes [ruleUser.cid,cid]; arguments []; default message [cid]]; default message [Failed to convert property value of type 'java.lang.String' to required type 'int' for property 'cid'; nested exception is java.lang.NumberFormatException: For input string: "null"]]
2020-07-21 09:30:38.787  WARN 9704 --- [http-nio-7000-exec-3] .w.s.m.s.DefaultHandlerExceptionResolver : Resolved [org.springframework.validation.BindException: org.springframework.validation.BeanPropertyBindingResult: 1 errors
Field error in object 'ruleUser' on field 'cid': rejected value [null]; codes [typeMismatch.ruleUser.cid,typeMismatch.cid,typeMismatch.int,typeMismatch]; arguments [org.springframework.context.support.DefaultMessageSourceResolvable: codes [ruleUser.cid,cid]; arguments []; default message [cid]]; default message [Failed to convert property value of type 'java.lang.String' to required type 'int' for property 'cid'; nested exception is java.lang.NumberFormatException: For input string: "null"]]
2020-07-21 09:30:48.927  WARN 9704 --- [http-nio-7000-exec-4] .w.s.m.s.DefaultHandlerExceptionResolver : Resolved [org.springframework.validation.BindException: org.springframework.validation.BeanPropertyBindingResult: 1 errors
Field error in object 'ruleUser' on field 'cid': rejected value [null]; codes [typeMismatch.ruleUser.cid,typeMismatch.cid,typeMismatch.int,typeMismatch]; arguments [org.springframework.context.support.DefaultMessageSourceResolvable: codes [ruleUser.cid,cid]; arguments []; default message [cid]]; default message [Failed to convert property value of type 'java.lang.String' to required type 'int' for property 'cid'; nested exception is java.lang.NumberFormatException: For input string: "null"]]
2020-07-21 09:30:56.870  WARN 9704 --- [http-nio-7000-exec-7] .w.s.m.s.DefaultHandlerExceptionResolver : Resolved [org.springframework.validation.BindException: org.springframework.validation.BeanPropertyBindingResult: 1 errors
Field error in object 'ruleUser' on field 'cid': rejected value [null]; codes [typeMismatch.ruleUser.cid,typeMismatch.cid,typeMismatch.int,typeMismatch]; arguments [org.springframework.context.support.DefaultMessageSourceResolvable: codes [ruleUser.cid,cid]; arguments []; default message [cid]]; default message [Failed to convert property value of type 'java.lang.String' to required type 'int' for property 'cid'; nested exception is java.lang.NumberFormatException: For input string: "null"]]
2020-07-21 09:31:05.936  WARN 9704 --- [http-nio-7000-exec-9] .w.s.m.s.DefaultHandlerExceptionResolver : Resolved [org.springframework.validation.BindException: org.springframework.validation.BeanPropertyBindingResult: 1 errors
Field error in object 'ruleUser' on field 'cid': rejected value [null]; codes [typeMismatch.ruleUser.cid,typeMismatch.cid,typeMismatch.int,typeMismatch]; arguments [org.springframework.context.support.DefaultMessageSourceResolvable: codes [ruleUser.cid,cid]; arguments []; default message [cid]]; default message [Failed to convert property value of type 'java.lang.String' to required type 'int' for property 'cid'; nested exception is java.lang.NumberFormatException: For input string: "null"]]
2020-07-21 09:31:16.436  WARN 9704 --- [http-nio-7000-exec-1] .w.s.m.s.DefaultHandlerExceptionResolver : Resolved [org.springframework.validation.BindException: org.springframework.validation.BeanPropertyBindingResult: 1 errors
Field error in object 'ruleUser' on field 'cid': rejected value [null]; codes [typeMismatch.ruleUser.cid,typeMismatch.cid,typeMismatch.int,typeMismatch]; arguments [org.springframework.context.support.DefaultMessageSourceResolvable: codes [ruleUser.cid,cid]; arguments []; default message [cid]]; default message [Failed to convert property value of type 'java.lang.String' to required type 'int' for property 'cid'; nested exception is java.lang.NumberFormatException: For input string: "null"]]
2020-07-21 09:35:18.955  INFO 6028 --- [main] com.bwsk.SmartconstructionApplication    : Starting SmartconstructionApplication on SW131 with PID 6028 (D:\kaifa\IDEA_workspace\smartconstruction\target\classes started by Administrator in D:\kaifa\IDEA_workspace\smartconstruction)
2020-07-21 09:35:18.963 DEBUG 6028 --- [main] com.bwsk.SmartconstructionApplication    : Running with Spring Boot v2.3.0.RELEASE, Spring v5.2.6.RELEASE
2020-07-21 09:35:18.963  INFO 6028 --- [main] com.bwsk.SmartconstructionApplication    : No active profile set, falling back to default profiles: default
2020-07-21 09:35:20.396  INFO 6028 --- [main] .s.d.r.c.RepositoryConfigurationDelegate : Multiple Spring Data modules found, entering strict repository configuration mode!
2020-07-21 09:35:20.398  INFO 6028 --- [main] .s.d.r.c.RepositoryConfigurationDelegate : Bootstrapping Spring Data Redis repositories in DEFAULT mode.
2020-07-21 09:35:20.437  INFO 6028 --- [main] .s.d.r.c.RepositoryConfigurationDelegate : Finished Spring Data repository scanning in 28ms. Found 0 Redis repository interfaces.
2020-07-21 09:35:20.843  INFO 6028 --- [main] o.s.b.w.embedded.tomcat.TomcatWebServer  : Tomcat initialized with port(s): 7000 (http)
2020-07-21 09:35:20.850  INFO 6028 --- [main] o.apache.catalina.core.StandardService   : Starting service [Tomcat]
2020-07-21 09:35:20.850  INFO 6028 --- [main] org.apache.catalina.core.StandardEngine  : Starting Servlet engine: [Apache Tomcat/9.0.35]
2020-07-21 09:35:20.935  INFO 6028 --- [main] o.a.c.c.C.[Tomcat].[localhost].[/]       : Initializing Spring embedded WebApplicationContext
2020-07-21 09:35:20.936  INFO 6028 --- [main] o.s.web.context.ContextLoader            : Root WebApplicationContext: initialization completed in 1894 ms
2020-07-21 09:35:21.951  INFO 6028 --- [main] o.s.s.concurrent.ThreadPoolTaskExecutor  : Initializing ExecutorService 'applicationTaskExecutor'
2020-07-21 09:35:22.228  INFO 6028 --- [main] o.s.s.c.ThreadPoolTaskScheduler          : Initializing ExecutorService 'taskScheduler'
2020-07-21 09:35:22.286  INFO 6028 --- [main] o.s.b.w.embedded.tomcat.TomcatWebServer  : Tomcat started on port(s): 7000 (http) with context path ''
2020-07-21 09:35:22.307  INFO 6028 --- [main] com.bwsk.SmartconstructionApplication    : Started SmartconstructionApplication in 3.772 seconds (JVM running for 4.718)
2020-07-21 09:35:36.411  INFO 6028 --- [http-nio-7000-exec-1] o.a.c.c.C.[Tomcat].[localhost].[/]       : Initializing Spring DispatcherServlet 'dispatcherServlet'
2020-07-21 09:35:36.411  INFO 6028 --- [http-nio-7000-exec-1] o.s.web.servlet.DispatcherServlet        : Initializing Servlet 'dispatcherServlet'
2020-07-21 09:35:36.416  INFO 6028 --- [http-nio-7000-exec-1] o.s.web.servlet.DispatcherServlet        : Completed initialization in 5 ms
2020-07-21 09:35:36.458  INFO 6028 --- [http-nio-7000-exec-1] com.zaxxer.hikari.HikariDataSource       : HikariPool-1 - Starting...
2020-07-21 09:35:36.547  INFO 6028 --- [http-nio-7000-exec-1] com.zaxxer.hikari.HikariDataSource       : HikariPool-1 - Start completed.
2020-07-21 09:47:15.184  WARN 7376 --- [main] ory$DuplicateJsonObjectContextCustomizer : 

Found multiple occurrences of org.json.JSONObject on the class path:

	jar:file:/D:/kaifa/jdk1.8/maven/Maven-Repository/org/json/json/20170516/json-20170516.jar!/org/json/JSONObject.class
	jar:file:/D:/kaifa/jdk1.8/maven/Maven-Repository/com/vaadin/external/google/android-json/0.0.20131108.vaadin1/android-json-0.0.20131108.vaadin1.jar!/org/json/JSONObject.class

You may wish to exclude one of them to ensure predictable runtime behavior

2020-07-21 09:47:15.196  INFO 7376 --- [main] c.b.SmartconstructionApplicationTests    : Starting SmartconstructionApplicationTests on SW131 with PID 7376 (started by Administrator in D:\kaifa\IDEA_workspace\smartconstruction)
2020-07-21 09:47:15.197 DEBUG 7376 --- [main] c.b.SmartconstructionApplicationTests    : Running with Spring Boot v2.3.0.RELEASE, Spring v5.2.6.RELEASE
2020-07-21 09:47:15.197  INFO 7376 --- [main] c.b.SmartconstructionApplicationTests    : No active profile set, falling back to default profiles: default
2020-07-21 09:47:15.805  INFO 7376 --- [main] .s.d.r.c.RepositoryConfigurationDelegate : Multiple Spring Data modules found, entering strict repository configuration mode!
2020-07-21 09:47:15.808  INFO 7376 --- [main] .s.d.r.c.RepositoryConfigurationDelegate : Bootstrapping Spring Data Redis repositories in DEFAULT mode.
2020-07-21 09:47:15.849  INFO 7376 --- [main] .s.d.r.c.RepositoryConfigurationDelegate : Finished Spring Data repository scanning in 26ms. Found 0 Redis repository interfaces.
2020-07-21 09:47:17.825  INFO 7376 --- [main] o.s.s.concurrent.ThreadPoolTaskExecutor  : Initializing ExecutorService 'applicationTaskExecutor'
2020-07-21 09:47:18.285  INFO 7376 --- [main] o.s.s.c.ThreadPoolTaskScheduler          : Initializing ExecutorService 'taskScheduler'
2020-07-21 09:47:18.351  INFO 7376 --- [main] c.b.SmartconstructionApplicationTests    : Started SmartconstructionApplicationTests in 3.484 seconds (JVM running for 4.364)
2020-07-21 09:47:18.620  INFO 7376 --- [SpringContextShutdownHook] o.s.s.c.ThreadPoolTaskScheduler          : Shutting down ExecutorService 'taskScheduler'
2020-07-21 09:47:18.622  INFO 7376 --- [SpringContextShutdownHook] o.s.s.concurrent.ThreadPoolTaskExecutor  : Shutting down ExecutorService 'applicationTaskExecutor'
2020-07-21 09:47:39.774  INFO 9760 --- [main] com.bwsk.SmartconstructionApplication    : Starting SmartconstructionApplication on SW131 with PID 9760 (D:\kaifa\IDEA_workspace\smartconstruction\target\classes started by Administrator in D:\kaifa\IDEA_workspace\smartconstruction)
2020-07-21 09:47:39.776 DEBUG 9760 --- [main] com.bwsk.SmartconstructionApplication    : Running with Spring Boot v2.3.0.RELEASE, Spring v5.2.6.RELEASE
2020-07-21 09:47:39.776  INFO 9760 --- [main] com.bwsk.SmartconstructionApplication    : No active profile set, falling back to default profiles: default
2020-07-21 09:47:40.425  INFO 9760 --- [main] .s.d.r.c.RepositoryConfigurationDelegate : Multiple Spring Data modules found, entering strict repository configuration mode!
2020-07-21 09:47:40.426  INFO 9760 --- [main] .s.d.r.c.RepositoryConfigurationDelegate : Bootstrapping Spring Data Redis repositories in DEFAULT mode.
2020-07-21 09:47:40.460  INFO 9760 --- [main] .s.d.r.c.RepositoryConfigurationDelegate : Finished Spring Data repository scanning in 23ms. Found 0 Redis repository interfaces.
2020-07-21 09:47:40.854  INFO 9760 --- [main] o.s.b.w.embedded.tomcat.TomcatWebServer  : Tomcat initialized with port(s): 7000 (http)
2020-07-21 09:47:40.860  INFO 9760 --- [main] o.apache.catalina.core.StandardService   : Starting service [Tomcat]
2020-07-21 09:47:40.861  INFO 9760 --- [main] org.apache.catalina.core.StandardEngine  : Starting Servlet engine: [Apache Tomcat/9.0.35]
2020-07-21 09:47:40.946  INFO 9760 --- [main] o.a.c.c.C.[Tomcat].[localhost].[/]       : Initializing Spring embedded WebApplicationContext
2020-07-21 09:47:40.947  INFO 9760 --- [main] o.s.web.context.ContextLoader            : Root WebApplicationContext: initialization completed in 1125 ms
2020-07-21 09:47:41.689  INFO 9760 --- [main] o.s.s.concurrent.ThreadPoolTaskExecutor  : Initializing ExecutorService 'applicationTaskExecutor'
2020-07-21 09:47:41.873  INFO 9760 --- [main] o.s.s.c.ThreadPoolTaskScheduler          : Initializing ExecutorService 'taskScheduler'
2020-07-21 09:47:41.907  INFO 9760 --- [main] o.s.b.w.embedded.tomcat.TomcatWebServer  : Tomcat started on port(s): 7000 (http) with context path ''
2020-07-21 09:47:41.918  INFO 9760 --- [main] com.bwsk.SmartconstructionApplication    : Started SmartconstructionApplication in 2.485 seconds (JVM running for 3.024)
2020-07-21 09:48:22.735  INFO 9760 --- [http-nio-7000-exec-1] o.a.c.c.C.[Tomcat].[localhost].[/]       : Initializing Spring DispatcherServlet 'dispatcherServlet'
2020-07-21 09:48:22.735  INFO 9760 --- [http-nio-7000-exec-1] o.s.web.servlet.DispatcherServlet        : Initializing Servlet 'dispatcherServlet'
2020-07-21 09:48:22.739  INFO 9760 --- [http-nio-7000-exec-1] o.s.web.servlet.DispatcherServlet        : Completed initialization in 4 ms
2020-07-21 09:48:22.778  INFO 9760 --- [http-nio-7000-exec-1] com.zaxxer.hikari.HikariDataSource       : HikariPool-1 - Starting...
2020-07-21 09:48:22.859  INFO 9760 --- [http-nio-7000-exec-1] com.zaxxer.hikari.HikariDataSource       : HikariPool-1 - Start completed.
